app/build/intermediates/manifest_merge_blame_file/release/processReleaseMainManifest/manifest-merger-blame-release-report.txt
1<?xml version="1.0" encoding="utf-8"?>
2<manifest xmlns:android="http://schemas.android.com/apk/res/android"
3    package="com.aistra.hail"
4    android:versionCode="34"
5    android:versionName="1.10.0-glocal" >
6
7    <uses-sdk
7-->src\main\AndroidManifest.xml:5:5-81
8        android:minSdkVersion="23"
9        android:targetSdkVersion="36" />
10
11    <uses-permission
11-->src\main\AndroidManifest.xml:7:5-9:41
12        android:name="com.android.launcher.permission.INSTALL_SHORTCUT"
12-->src\main\AndroidManifest.xml:8:13-76
13        android:maxSdkVersion="25" />
13-->src\main\AndroidManifest.xml:9:13-39
14    <!-- <uses-permission android:name="android.permission.INTERNET"/> -->
15    <uses-permission android:name="android.permission.QUERY_ALL_PACKAGES" />
15-->src\main\AndroidManifest.xml:11:5-13:56
15-->src\main\AndroidManifest.xml:12:13-65
16    <uses-permission android:name="android.permission.REQUEST_DELETE_PACKAGES" />
16-->src\main\AndroidManifest.xml:14:5-81
16-->src\main\AndroidManifest.xml:14:22-79
17    <uses-permission android:name="android.permission.FOREGROUND_SERVICE" />
17-->src\main\AndroidManifest.xml:15:5-76
17-->src\main\AndroidManifest.xml:15:22-74
18    <uses-permission android:name="android.permission.FOREGROUND_SERVICE_SPECIAL_USE" />
18-->src\main\AndroidManifest.xml:16:5-88
18-->src\main\AndroidManifest.xml:16:22-86
19    <uses-permission android:name="android.permission.PACKAGE_USAGE_STATS" />
19-->src\main\AndroidManifest.xml:17:5-19:50
19-->src\main\AndroidManifest.xml:18:13-66
20    <uses-permission android:name="android.permission.FORCE_STOP_PACKAGES" />
20-->src\main\AndroidManifest.xml:20:5-22:50
20-->src\main\AndroidManifest.xml:21:13-66
21    <uses-permission android:name="android.permission.CHANGE_COMPONENT_ENABLED_STATE" />
21-->src\main\AndroidManifest.xml:23:5-25:50
21-->src\main\AndroidManifest.xml:24:13-77
22    <uses-permission android:name="android.permission.MANAGE_APP_OPS_MODES" />
22-->src\main\AndroidManifest.xml:26:5-28:50
22-->src\main\AndroidManifest.xml:27:13-67
23    <uses-permission android:name="android.permission.POST_NOTIFICATIONS" />
23-->src\main\AndroidManifest.xml:29:5-76
23-->src\main\AndroidManifest.xml:29:22-74
24    <uses-permission android:name="com.oasisfeng.island.permission.FREEZE_PACKAGE" />
24-->src\main\AndroidManifest.xml:30:5-85
24-->src\main\AndroidManifest.xml:30:22-83
25    <uses-permission android:name="com.oasisfeng.island.permission.SUSPEND_PACKAGE" />
25-->src\main\AndroidManifest.xml:31:5-86
25-->src\main\AndroidManifest.xml:31:22-84
26    <uses-permission android:name="android.permission.USE_BIOMETRIC" /> <!-- suppress DeprecatedClassUsageInspection -->
26-->[androidx.biometric:biometric:1.2.0-alpha05] AndroidManifest.xml:22:5-72
26-->[androidx.biometric:biometric:1.2.0-alpha05] AndroidManifest.xml:22:22-69
27    <uses-permission android:name="android.permission.USE_FINGERPRINT" />
27-->[androidx.biometric:biometric:1.2.0-alpha05] AndroidManifest.xml:25:5-74
27-->[androidx.biometric:biometric:1.2.0-alpha05] AndroidManifest.xml:25:22-71
28    <uses-permission android:name="android.permission.WAKE_LOCK" />
28-->[androidx.work:work-runtime:2.11.0] AndroidManifest.xml:23:5-68
28-->[androidx.work:work-runtime:2.11.0] AndroidManifest.xml:23:22-65
29    <uses-permission android:name="android.permission.ACCESS_NETWORK_STATE" />
29-->[androidx.work:work-runtime:2.11.0] AndroidManifest.xml:24:5-79
29-->[androidx.work:work-runtime:2.11.0] AndroidManifest.xml:24:22-76
30    <uses-permission android:name="android.permission.RECEIVE_BOOT_COMPLETED" />
30-->[androidx.work:work-runtime:2.11.0] AndroidManifest.xml:25:5-81
30-->[androidx.work:work-runtime:2.11.0] AndroidManifest.xml:25:22-78
31
32    <permission
32-->[androidx.core:core:1.17.0] AndroidManifest.xml:22:5-24:47
33        android:name="com.aistra.hail.DYNAMIC_RECEIVER_NOT_EXPORTED_PERMISSION"
33-->[androidx.core:core:1.17.0] AndroidManifest.xml:23:9-81
34        android:protectionLevel="signature" />
34-->[androidx.core:core:1.17.0] AndroidManifest.xml:24:9-44
35
36    <uses-permission android:name="com.aistra.hail.DYNAMIC_RECEIVER_NOT_EXPORTED_PERMISSION" />
36-->[androidx.core:core:1.17.0] AndroidManifest.xml:26:5-97
36-->[androidx.core:core:1.17.0] AndroidManifest.xml:26:22-94
37    <uses-permission android:name="moe.shizuku.manager.permission.API_V23" />
37-->[dev.rikka.shizuku:provider:13.1.5] AndroidManifest.xml:8:5-78
37-->[dev.rikka.shizuku:provider:13.1.5] AndroidManifest.xml:8:22-75
38    <uses-permission android:name="com.rosan.dhizuku.permission.API" />
38-->[io.github.iamr0s:Dhizuku-API:2.5.4] AndroidManifest.xml:7:5-72
38-->[io.github.iamr0s:Dhizuku-API:2.5.4] AndroidManifest.xml:7:22-69
39
40    <queries>
40-->[io.github.iamr0s:Dhizuku-API:2.5.4] AndroidManifest.xml:9:5-15:15
41        <provider android:authorities="com.rosan.dhizuku.server.provider" />
41-->[io.github.iamr0s:Dhizuku-API:2.5.4] AndroidManifest.xml:10:9-77
41-->[io.github.iamr0s:Dhizuku-API:2.5.4] AndroidManifest.xml:10:19-74
42
43        <intent>
43-->[io.github.iamr0s:Dhizuku-API:2.5.4] AndroidManifest.xml:12:9-14:18
44            <action android:name="com.rosan.dhizuku.server.provider" />
44-->[io.github.iamr0s:Dhizuku-API:2.5.4] AndroidManifest.xml:13:13-72
44-->[io.github.iamr0s:Dhizuku-API:2.5.4] AndroidManifest.xml:13:21-69
45        </intent>
46    </queries>
47
48    <application
48-->src\main\AndroidManifest.xml:33:5-153:19
49        android:name="com.aistra.hail.HailApp"
49-->src\main\AndroidManifest.xml:34:13-36
50        android:allowBackup="true"
50-->src\main\AndroidManifest.xml:35:13-39
51        android:appComponentFactory="androidx.core.app.CoreComponentFactory"
51-->[androidx.core:core:1.17.0] AndroidManifest.xml:28:18-86
52        android:enableOnBackInvokedCallback="true"
52-->src\main\AndroidManifest.xml:36:13-55
53        android:extractNativeLibs="false"
54        android:icon="@mipmap/ic_launcher"
54-->src\main\AndroidManifest.xml:37:13-47
55        android:label="@string/app_name"
55-->src\main\AndroidManifest.xml:38:13-45
56        android:localeConfig="@xml/_generated_res_locale_config"
57        android:supportsRtl="true"
57-->src\main\AndroidManifest.xml:39:13-39
58        android:theme="@style/Theme.Hail" >
58-->src\main\AndroidManifest.xml:40:13-46
59        <activity
59-->src\main\AndroidManifest.xml:42:9-56:20
60            android:name="com.aistra.hail.ui.main.MainActivity"
60-->src\main\AndroidManifest.xml:43:17-53
61            android:exported="true"
61-->src\main\AndroidManifest.xml:44:17-40
62            android:launchMode="singleTask" >
62-->src\main\AndroidManifest.xml:45:17-48
63            <intent-filter>
63-->src\main\AndroidManifest.xml:46:13-49:29
64                <action android:name="android.intent.action.MAIN" />
64-->src\main\AndroidManifest.xml:47:17-68
64-->src\main\AndroidManifest.xml:47:25-66
65
66                <category android:name="android.intent.category.LAUNCHER" />
66-->src\main\AndroidManifest.xml:48:17-76
66-->src\main\AndroidManifest.xml:48:27-74
67            </intent-filter>
68            <intent-filter>
68-->src\main\AndroidManifest.xml:50:13-55:29
69                <action android:name="android.intent.action.ASSIST" />
69-->src\main\AndroidManifest.xml:51:17-70
69-->src\main\AndroidManifest.xml:51:25-68
70                <action android:name="android.service.quicksettings.action.QS_TILE_PREFERENCES" />
70-->src\main\AndroidManifest.xml:52:17-98
70-->src\main\AndroidManifest.xml:52:25-96
71
72                <category android:name="android.intent.category.DEFAULT" />
72-->src\main\AndroidManifest.xml:54:17-75
72-->src\main\AndroidManifest.xml:54:27-73
73            </intent-filter>
74        </activity>
75        <activity
75-->src\main\AndroidManifest.xml:57:9-87:20
76            android:name="com.aistra.hail.ui.api.ApiActivity"
76-->src\main\AndroidManifest.xml:58:17-51
77            android:excludeFromRecents="true"
77-->src\main\AndroidManifest.xml:59:17-50
78            android:exported="true"
78-->src\main\AndroidManifest.xml:60:17-40
79            android:launchMode="singleInstance"
79-->src\main\AndroidManifest.xml:61:17-52
80            android:theme="@style/Theme.Hail.Translucent" >
80-->src\main\AndroidManifest.xml:62:17-62
81            <intent-filter>
81-->src\main\AndroidManifest.xml:63:13-80:29
82                <action android:name="android.intent.action.SHOW_APP_INFO" />
82-->src\main\AndroidManifest.xml:64:17-77
82-->src\main\AndroidManifest.xml:64:25-75
83                <action android:name="com.aistra.hail.action.LAUNCH" />
83-->src\main\AndroidManifest.xml:65:25-70
84                <action android:name="com.aistra.hail.action.FREEZE" />
84-->src\main\AndroidManifest.xml:66:25-70
85                <action android:name="com.aistra.hail.action.UNFREEZE" />
85-->src\main\AndroidManifest.xml:67:25-72
86                <action android:name="com.aistra.hail.action.FREEZE_TAG" />
86-->src\main\AndroidManifest.xml:68:25-74
87                <action android:name="com.aistra.hail.action.UNFREEZE_TAG" />
87-->src\main\AndroidManifest.xml:69:25-76
88                <action android:name="com.aistra.hail.action.FREEZE_ALL" />
88-->src\main\AndroidManifest.xml:70:25-74
89                <action android:name="com.aistra.hail.action.UNFREEZE_ALL" />
89-->src\main\AndroidManifest.xml:71:25-76
90                <action android:name="com.aistra.hail.action.FREEZE_NON_WHITELISTED" />
90-->src\main\AndroidManifest.xml:72:25-86
91                <action android:name="com.aistra.hail.action.FREEZE_AUTO" />
91-->src\main\AndroidManifest.xml:73:25-75
92                <action android:name="com.aistra.hail.action.LOCK" />
92-->src\main\AndroidManifest.xml:74:25-68
93                <action android:name="com.aistra.hail.action.LOCK_FREEZE" />
93-->src\main\AndroidManifest.xml:75:25-75
94                <action android:name="com.aistra.hail.action.ADD_WHITELIST" />
94-->src\main\AndroidManifest.xml:76:25-77
95                <action android:name="com.aistra.hail.action.REMOVE_WHITELIST" />
95-->src\main\AndroidManifest.xml:77:25-80
96
97                <category android:name="android.intent.category.DEFAULT" />
97-->src\main\AndroidManifest.xml:54:17-75
97-->src\main\AndroidManifest.xml:54:27-73
98            </intent-filter>
99            <intent-filter>
99-->src\main\AndroidManifest.xml:82:13-86:29
100                <action android:name="android.intent.action.VIEW" />
100-->src\main\AndroidManifest.xml:83:17-68
100-->src\main\AndroidManifest.xml:83:25-66
101
102                <category android:name="android.intent.category.DEFAULT" />
102-->src\main\AndroidManifest.xml:54:17-75
102-->src\main\AndroidManifest.xml:54:27-73
103
104                <data android:scheme="hail" />
104-->src\main\AndroidManifest.xml:85:17-46
104-->src\main\AndroidManifest.xml:85:23-44
105            </intent-filter>
106        </activity>
107
108        <meta-data
108-->src\main\AndroidManifest.xml:89:9-91:39
109            android:name="xposedmodule"
109-->src\main\AndroidManifest.xml:90:17-44
110            android:value="true" />
110-->src\main\AndroidManifest.xml:91:17-37
111        <meta-data
111-->src\main\AndroidManifest.xml:92:9-94:61
112            android:name="xposeddescription"
112-->src\main\AndroidManifest.xml:93:17-49
113            android:value="@string/xposed_description" />
113-->src\main\AndroidManifest.xml:94:17-59
114        <meta-data
114-->src\main\AndroidManifest.xml:95:9-97:37
115            android:name="xposedminversion"
115-->src\main\AndroidManifest.xml:96:17-48
116            android:value="53" />
116-->src\main\AndroidManifest.xml:97:17-35
117        <meta-data
117-->src\main\AndroidManifest.xml:98:9-100:57
118            android:name="xposedscope"
118-->src\main\AndroidManifest.xml:99:17-43
119            android:resource="@array/xposed_scope" />
119-->src\main\AndroidManifest.xml:100:17-55
120
121        <provider
122            android:name="rikka.shizuku.ShizukuProvider"
122-->src\main\AndroidManifest.xml:103:17-61
123            android:authorities="com.aistra.hail.shizuku"
123-->src\main\AndroidManifest.xml:104:17-63
124            android:exported="true"
124-->src\main\AndroidManifest.xml:105:17-40
125            android:multiprocess="false"
125-->src\main\AndroidManifest.xml:106:17-45
126            android:permission="android.permission.INTERACT_ACROSS_USERS_FULL" />
126-->src\main\AndroidManifest.xml:107:17-83
127
128        <receiver
128-->src\main\AndroidManifest.xml:109:9-120:20
129            android:name="com.aistra.hail.receiver.DeviceAdminReceiver"
129-->src\main\AndroidManifest.xml:110:17-61
130            android:description="@string/action_lock"
130-->src\main\AndroidManifest.xml:111:17-58
131            android:exported="false"
131-->src\main\AndroidManifest.xml:112:17-41
132            android:permission="android.permission.BIND_DEVICE_ADMIN" >
132-->src\main\AndroidManifest.xml:113:17-74
133            <meta-data
133-->src\main\AndroidManifest.xml:114:13-116:59
134                android:name="android.app.device_admin"
134-->src\main\AndroidManifest.xml:115:21-60
135                android:resource="@xml/device_admin" />
135-->src\main\AndroidManifest.xml:116:21-57
136
137            <intent-filter>
137-->src\main\AndroidManifest.xml:117:13-119:29
138                <action android:name="android.app.action.DEVICE_ADMIN_ENABLED" />
138-->src\main\AndroidManifest.xml:118:17-81
138-->src\main\AndroidManifest.xml:118:25-79
139            </intent-filter>
140        </receiver>
141        <receiver
141-->src\main\AndroidManifest.xml:121:9-123:43
142            android:name="com.aistra.hail.receiver.ScreenOffReceiver"
142-->src\main\AndroidManifest.xml:122:17-59
143            android:exported="false" />
143-->src\main\AndroidManifest.xml:123:17-41
144        <receiver
144-->src\main\AndroidManifest.xml:124:9-130:20
145            android:name="com.aistra.hail.receiver.UnsuspendedReceiver"
145-->src\main\AndroidManifest.xml:125:17-61
146            android:exported="false" >
146-->src\main\AndroidManifest.xml:126:17-41
147            <intent-filter>
147-->src\main\AndroidManifest.xml:127:13-129:29
148                <action android:name="android.intent.action.PACKAGE_UNSUSPENDED_MANUALLY" />
148-->src\main\AndroidManifest.xml:128:17-92
148-->src\main\AndroidManifest.xml:128:25-90
149            </intent-filter>
150        </receiver>
151
152        <service
152-->src\main\AndroidManifest.xml:133:9-142:19
153            android:name="com.aistra.hail.services.QSTileService"
153-->src\main\AndroidManifest.xml:134:17-55
154            android:exported="true"
154-->src\main\AndroidManifest.xml:135:17-40
155            android:icon="@drawable/ic_round_frozen"
155-->src\main\AndroidManifest.xml:136:17-57
156            android:label="@string/tile_action"
156-->src\main\AndroidManifest.xml:137:17-52
157            android:permission="android.permission.BIND_QUICK_SETTINGS_TILE" >
157-->src\main\AndroidManifest.xml:138:17-81
158            <intent-filter>
158-->src\main\AndroidManifest.xml:139:13-141:29
159                <action android:name="android.service.quicksettings.action.QS_TILE" />
159-->src\main\AndroidManifest.xml:140:17-86
159-->src\main\AndroidManifest.xml:140:25-84
160            </intent-filter>
161        </service>
162        <service
162-->src\main\AndroidManifest.xml:143:9-152:19
163            android:name="com.aistra.hail.services.AutoFreezeService"
163-->src\main\AndroidManifest.xml:144:17-59
164            android:exported="true"
164-->src\main\AndroidManifest.xml:146:17-40
165            android:foregroundServiceType="specialUse"
165-->src\main\AndroidManifest.xml:145:17-59
166            android:label="@string/auto_freeze"
166-->src\main\AndroidManifest.xml:147:17-52
167            android:permission="android.permission.BIND_NOTIFICATION_LISTENER_SERVICE" >
167-->src\main\AndroidManifest.xml:148:17-91
168            <intent-filter>
168-->src\main\AndroidManifest.xml:149:13-151:29
169                <action android:name="android.service.notification.NotificationListenerService" />
169-->src\main\AndroidManifest.xml:150:17-98
169-->src\main\AndroidManifest.xml:150:25-96
170            </intent-filter>
171        </service>
172
173        <provider
173-->[androidx.work:work-runtime:2.11.0] AndroidManifest.xml:29:9-37:20
174            android:name="androidx.startup.InitializationProvider"
174-->[androidx.work:work-runtime:2.11.0] AndroidManifest.xml:30:13-67
175            android:authorities="com.aistra.hail.androidx-startup"
175-->[androidx.work:work-runtime:2.11.0] AndroidManifest.xml:31:13-68
176            android:exported="false" >
176-->[androidx.work:work-runtime:2.11.0] AndroidManifest.xml:32:13-37
177            <meta-data
177-->[androidx.work:work-runtime:2.11.0] AndroidManifest.xml:34:13-36:52
178                android:name="androidx.work.WorkManagerInitializer"
178-->[androidx.work:work-runtime:2.11.0] AndroidManifest.xml:35:17-68
179                android:value="androidx.startup" />
179-->[androidx.work:work-runtime:2.11.0] AndroidManifest.xml:36:17-49
180            <meta-data
180-->[androidx.emoji2:emoji2:1.4.0] AndroidManifest.xml:29:13-31:52
181                android:name="androidx.emoji2.text.EmojiCompatInitializer"
181-->[androidx.emoji2:emoji2:1.4.0] AndroidManifest.xml:30:17-75
182                android:value="androidx.startup" />
182-->[androidx.emoji2:emoji2:1.4.0] AndroidManifest.xml:31:17-49
183            <meta-data
183-->[androidx.lifecycle:lifecycle-process:2.10.0] AndroidManifest.xml:29:13-31:52
184                android:name="androidx.lifecycle.ProcessLifecycleInitializer"
184-->[androidx.lifecycle:lifecycle-process:2.10.0] AndroidManifest.xml:30:17-78
185                android:value="androidx.startup" />
185-->[androidx.lifecycle:lifecycle-process:2.10.0] AndroidManifest.xml:31:17-49
186            <meta-data
186-->[androidx.profileinstaller:profileinstaller:1.4.0] AndroidManifest.xml:29:13-31:52
187                android:name="androidx.profileinstaller.ProfileInstallerInitializer"
187-->[androidx.profileinstaller:profileinstaller:1.4.0] AndroidManifest.xml:30:17-85
188                android:value="androidx.startup" />
188-->[androidx.profileinstaller:profileinstaller:1.4.0] AndroidManifest.xml:31:17-49
189        </provider>
190
191        <service
191-->[androidx.work:work-runtime:2.11.0] AndroidManifest.xml:39:9-45:35
192            android:name="androidx.work.impl.background.systemjob.SystemJobService"
192-->[androidx.work:work-runtime:2.11.0] AndroidManifest.xml:40:13-84
193            android:directBootAware="false"
193-->[androidx.work:work-runtime:2.11.0] AndroidManifest.xml:41:13-44
194            android:enabled="@bool/enable_system_job_service_default"
194-->[androidx.work:work-runtime:2.11.0] AndroidManifest.xml:42:13-70
195            android:exported="true"
195-->[androidx.work:work-runtime:2.11.0] AndroidManifest.xml:43:13-36
196            android:permission="android.permission.BIND_JOB_SERVICE" />
196-->[androidx.work:work-runtime:2.11.0] AndroidManifest.xml:44:13-69
197        <service
197-->[androidx.work:work-runtime:2.11.0] AndroidManifest.xml:46:9-52:35
198            android:name="androidx.work.impl.foreground.SystemForegroundService"
198-->[androidx.work:work-runtime:2.11.0] AndroidManifest.xml:47:13-81
199            android:directBootAware="false"
199-->[androidx.work:work-runtime:2.11.0] AndroidManifest.xml:48:13-44
200            android:enabled="@bool/enable_system_foreground_service_default"
200-->[androidx.work:work-runtime:2.11.0] AndroidManifest.xml:49:13-77
201            android:exported="false" />
201-->[androidx.work:work-runtime:2.11.0] AndroidManifest.xml:50:13-37
202
203        <receiver
203-->[androidx.work:work-runtime:2.11.0] AndroidManifest.xml:54:9-59:35
204            android:name="androidx.work.impl.utils.ForceStopRunnable$BroadcastReceiver"
204-->[androidx.work:work-runtime:2.11.0] AndroidManifest.xml:55:13-88
205            android:directBootAware="false"
205-->[androidx.work:work-runtime:2.11.0] AndroidManifest.xml:56:13-44
206            android:enabled="true"
206-->[androidx.work:work-runtime:2.11.0] AndroidManifest.xml:57:13-35
207            android:exported="false" />
207-->[androidx.work:work-runtime:2.11.0] AndroidManifest.xml:58:13-37
208        <receiver
208-->[androidx.work:work-runtime:2.11.0] AndroidManifest.xml:60:9-69:20
209            android:name="androidx.work.impl.background.systemalarm.RescheduleReceiver"
209-->[androidx.work:work-runtime:2.11.0] AndroidManifest.xml:61:13-88
210            android:directBootAware="false"
210-->[androidx.work:work-runtime:2.11.0] AndroidManifest.xml:62:13-44
211            android:enabled="false"
211-->[androidx.work:work-runtime:2.11.0] AndroidManifest.xml:63:13-36
212            android:exported="false" >
212-->[androidx.work:work-runtime:2.11.0] AndroidManifest.xml:64:13-37
213            <intent-filter>
213-->[androidx.work:work-runtime:2.11.0] AndroidManifest.xml:66:13-68:29
214                <action android:name="android.intent.action.BOOT_COMPLETED" />
214-->[androidx.work:work-runtime:2.11.0] AndroidManifest.xml:67:17-79
214-->[androidx.work:work-runtime:2.11.0] AndroidManifest.xml:67:25-76
215            </intent-filter>
216        </receiver>
217        <receiver
217-->[androidx.work:work-runtime:2.11.0] AndroidManifest.xml:70:9-80:20
218            android:name="androidx.work.impl.diagnostics.DiagnosticsReceiver"
218-->[androidx.work:work-runtime:2.11.0] AndroidManifest.xml:71:13-78
219            android:directBootAware="false"
219-->[androidx.work:work-runtime:2.11.0] AndroidManifest.xml:72:13-44
220            android:enabled="true"
220-->[androidx.work:work-runtime:2.11.0] AndroidManifest.xml:73:13-35
221            android:exported="true"
221-->[androidx.work:work-runtime:2.11.0] AndroidManifest.xml:74:13-36
222            android:permission="android.permission.DUMP" >
222-->[androidx.work:work-runtime:2.11.0] AndroidManifest.xml:75:13-57
223            <intent-filter>
223-->[androidx.work:work-runtime:2.11.0] AndroidManifest.xml:77:13-79:29
224                <action android:name="androidx.work.diagnostics.REQUEST_DIAGNOSTICS" />
224-->[androidx.work:work-runtime:2.11.0] AndroidManifest.xml:78:17-88
224-->[androidx.work:work-runtime:2.11.0] AndroidManifest.xml:78:25-85
225            </intent-filter>
226        </receiver>
227
228        <uses-library
228-->[androidx.window:window:1.5.0] AndroidManifest.xml:23:9-25:40
229            android:name="androidx.window.extensions"
229-->[androidx.window:window:1.5.0] AndroidManifest.xml:24:13-54
230            android:required="false" />
230-->[androidx.window:window:1.5.0] AndroidManifest.xml:25:13-37
231        <uses-library
231-->[androidx.window:window:1.5.0] AndroidManifest.xml:26:9-28:40
232            android:name="androidx.window.sidecar"
232-->[androidx.window:window:1.5.0] AndroidManifest.xml:27:13-51
233            android:required="false" />
233-->[androidx.window:window:1.5.0] AndroidManifest.xml:28:13-37
234
235        <service
235-->[androidx.room:room-runtime-android:2.7.0] AndroidManifest.xml:24:9-28:63
236            android:name="androidx.room.MultiInstanceInvalidationService"
236-->[androidx.room:room-runtime-android:2.7.0] AndroidManifest.xml:25:13-74
237            android:directBootAware="true"
237-->[androidx.room:room-runtime-android:2.7.0] AndroidManifest.xml:26:13-43
238            android:exported="false" />
238-->[androidx.room:room-runtime-android:2.7.0] AndroidManifest.xml:27:13-37
239
240        <receiver
240-->[androidx.profileinstaller:profileinstaller:1.4.0] AndroidManifest.xml:34:9-52:20
241            android:name="androidx.profileinstaller.ProfileInstallReceiver"
241-->[androidx.profileinstaller:profileinstaller:1.4.0] AndroidManifest.xml:35:13-76
242            android:directBootAware="false"
242-->[androidx.profileinstaller:profileinstaller:1.4.0] AndroidManifest.xml:36:13-44
243            android:enabled="true"
243-->[androidx.profileinstaller:profileinstaller:1.4.0] AndroidManifest.xml:37:13-35
244            android:exported="true"
244-->[androidx.profileinstaller:profileinstaller:1.4.0] AndroidManifest.xml:38:13-36
245            android:permission="android.permission.DUMP" >
245-->[androidx.profileinstaller:profileinstaller:1.4.0] AndroidManifest.xml:39:13-57
246            <intent-filter>
246-->[androidx.profileinstaller:profileinstaller:1.4.0] AndroidManifest.xml:40:13-42:29
247                <action android:name="androidx.profileinstaller.action.INSTALL_PROFILE" />
247-->[androidx.profileinstaller:profileinstaller:1.4.0] AndroidManifest.xml:41:17-91
247-->[androidx.profileinstaller:profileinstaller:1.4.0] AndroidManifest.xml:41:25-88
248            </intent-filter>
249            <intent-filter>
249-->[androidx.profileinstaller:profileinstaller:1.4.0] AndroidManifest.xml:43:13-45:29
250                <action android:name="androidx.profileinstaller.action.SKIP_FILE" />
250-->[androidx.profileinstaller:profileinstaller:1.4.0] AndroidManifest.xml:44:17-85
250-->[androidx.profileinstaller:profileinstaller:1.4.0] AndroidManifest.xml:44:25-82
251            </intent-filter>
252            <intent-filter>
252-->[androidx.profileinstaller:profileinstaller:1.4.0] AndroidManifest.xml:46:13-48:29
253                <action android:name="androidx.profileinstaller.action.SAVE_PROFILE" />
253-->[androidx.profileinstaller:profileinstaller:1.4.0] AndroidManifest.xml:47:17-88
253-->[androidx.profileinstaller:profileinstaller:1.4.0] AndroidManifest.xml:47:25-85
254            </intent-filter>
255            <intent-filter>
255-->[androidx.profileinstaller:profileinstaller:1.4.0] AndroidManifest.xml:49:13-51:29
256                <action android:name="androidx.profileinstaller.action.BENCHMARK_OPERATION" />
256-->[androidx.profileinstaller:profileinstaller:1.4.0] AndroidManifest.xml:50:17-95
256-->[androidx.profileinstaller:profileinstaller:1.4.0] AndroidManifest.xml:50:25-92
257            </intent-filter>
258        </receiver>
259
260        <meta-data
260-->[dev.rikka.shizuku:provider:13.1.5] AndroidManifest.xml:11:9-13:36
261            android:name="moe.shizuku.client.V3_SUPPORT"
261-->[dev.rikka.shizuku:provider:13.1.5] AndroidManifest.xml:12:13-57
262            android:value="true" />
262-->[dev.rikka.shizuku:provider:13.1.5] AndroidManifest.xml:13:13-33
263    </application>
264
265</manifest>